14:05:36 **** Incremental Build of configuration Nios II for project myCountBinary ****
make all 
Info: Building ../myCountBinary_bsp/
C:/altera/16.0/nios2eds/bin/gnu/H-x86_64-mingw32/bin/make --no-print-directory -C ../myCountBinary_bsp/
[BSP build complete]
Info: Compiling hello_world_small.c to obj/default/hello_world_small.o
nios2-elf-gcc -xc -MP -MMD -c -I../myCountBinary_bsp//HAL/inc -I../myCountBinary_bsp/ -I../myCountBinary_bsp//drivers/inc  -pipe -D__hal__ -DALT_NO_C_PLUS_PLUS -DALT_NO_CLEAN_EXIT -D'exit(a)=_exit(a)' -DALT_NO_EXIT -DALT_USE_DIRECT_DRIVERS -DALT_NO_INSTRUCTION_EMULATION -DALT_USE_SMALL_DRIVERS -DSMALL_C_LIB -DALT_SINGLE_THREADED    -Os -g -Wall   -mno-hw-div -mno-hw-mul -mno-hw-mulx  -o obj/default/hello_world_small.o hello_world_small.c
Info: Linking myCountBinary.elf
nios2-elf-g++  -T'../myCountBinary_bsp//linker.x' -msys-crt0='../myCountBinary_bsp//obj/HAL/src/crt0.o' -msys-lib=hal_bsp -L../myCountBinary_bsp/  -msmallc  -Wl,-Map=myCountBinary.map   -Os -g -Wall   -mno-hw-div -mno-hw-mul -mno-hw-mulx  -o myCountBinary.elf obj/default/hello_world_small.o -lm -msys-lib=m
nios2-elf-insert myCountBinary.elf --thread_model hal --cpu_name cpu --qsys true --simulation_enabled false --id 0 --sidp 0x110b0 --timestamp 1496882533 --stderr_dev jtag_uart --stdin_dev jtag_uart --stdout_dev jtag_uart --sopc_system_name first_nios2_system --quartus_project_dir "C:/Users/jbarton2/Desktop/lab5_alt/lab5/lab5/niosii_hw_dev_tutorial/lab4" --sopcinfo C:/Users/jbarton2/Desktop/lab5_alt/lab5/lab5/niosii_hw_dev_tutorial/lab4/software/myCountBinary_bsp/../../first_nios2_system.sopcinfo
Info: (myCountBinary.elf) 1104 Bytes program size (code + initialized data).
Info:                     18 KBytes free for stack + heap.
Info: Creating myCountBinary.objdump
nios2-elf-objdump --disassemble --syms --all-header --source myCountBinary.elf >myCountBinary.objdump
[myCountBinary build complete]
14:05:41 **** Build of configuration Nios II for project myCountBinary ****
make all 
Info: Building ../myCountBinary_bsp/
C:/altera/16.0/nios2eds/bin/gnu/H-x86_64-mingw32/bin/make --no-print-directory -C ../myCountBinary_bsp/
[BSP build complete]
[myCountBinary build complete]
14:05:42 **** Incremental Build of configuration Nios II for project myCountBinary ****
make all 
Info: Building ../myCountBinary_bsp/
C:/altera/16.0/nios2eds/bin/gnu/H-x86_64-mingw32/bin/make --no-print-directory -C ../myCountBinary_bsp/
[BSP build complete]
[myCountBinary build complete]
14:07:35 **** Build of configuration Nios II for project LightsandSwitches ****
make all 
Info: Building ../LightsandSwitches_bsp/
C:/altera/16.0/nios2eds/bin/gnu/H-x86_64-mingw32/bin/make --no-print-directory -C ../LightsandSwitches_bsp/
[BSP build complete]
[LightsandSwitches build complete]
14:07:36 **** Incremental Build of configuration Nios II for project LightsandSwitches ****
make all 
Info: Building ../LightsandSwitches_bsp/
C:/altera/16.0/nios2eds/bin/gnu/H-x86_64-mingw32/bin/make --no-print-directory -C ../LightsandSwitches_bsp/
[BSP build complete]
[LightsandSwitches build complete]
14:07:52 **** Build of configuration Nios II for project HelloWorldSmall ****
make all 
Info: Building ../HelloWorldSmall_bsp/
C:/altera/16.0/nios2eds/bin/gnu/H-x86_64-mingw32/bin/make --no-print-directory -C ../HelloWorldSmall_bsp/
[BSP build complete]
[HelloWorldSmall build complete]
14:07:53 **** Incremental Build of configuration Nios II for project HelloWorldSmall ****
make all 
Info: Building ../HelloWorldSmall_bsp/
C:/altera/16.0/nios2eds/bin/gnu/H-x86_64-mingw32/bin/make --no-print-directory -C ../HelloWorldSmall_bsp/
[BSP build complete]
[HelloWorldSmall build complete]
14:08:02 **** Build of configuration Nios II for project Lab5_test_app ****
make all 
Info: Building ../Lab5_test_app_bsp/
C:/altera/16.0/nios2eds/bin/gnu/H-x86_64-mingw32/bin/make --no-print-directory -C ../Lab5_test_app_bsp/
[BSP build complete]
[Lab5_test_app build complete]
14:08:03 **** Incremental Build of configuration Nios II for project Lab5_test_app ****
make all 
Info: Building ../Lab5_test_app_bsp/
C:/altera/16.0/nios2eds/bin/gnu/H-x86_64-mingw32/bin/make --no-print-directory -C ../Lab5_test_app_bsp/
[BSP build complete]
[Lab5_test_app build complete]
14:09:00 **** Build of configuration Nios II for project BluetoothChat ****
make all 
Info: Building ../BluetoothChat_bsp/
C:/altera/16.0/nios2eds/bin/gnu/H-x86_64-mingw32/bin/make --no-print-directory -C ../BluetoothChat_bsp/
[BSP build complete]
[BluetoothChat build complete]
14:09:01 **** Incremental Build of configuration Nios II for project BluetoothChat ****
make all 
Info: Building ../BluetoothChat_bsp/
C:/altera/16.0/nios2eds/bin/gnu/H-x86_64-mingw32/bin/make --no-print-directory -C ../BluetoothChat_bsp/
[BSP build complete]
[BluetoothChat build complete]
14:58:24 **** Build of configuration Nios II for project HelloWorldSmall ****
make all 
Info: Building ../HelloWorldSmall_bsp/
C:/altera/16.0/nios2eds/bin/gnu/H-x86_64-mingw32/bin/make --no-print-directory -C ../HelloWorldSmall_bsp/
[BSP build complete]
[HelloWorldSmall build complete]
14:58:25 **** Incremental Build of configuration Nios II for project HelloWorldSmall ****
make all 
Info: Building ../HelloWorldSmall_bsp/
C:/altera/16.0/nios2eds/bin/gnu/H-x86_64-mingw32/bin/make --no-print-directory -C ../HelloWorldSmall_bsp/
[BSP build complete]
[HelloWorldSmall build complete]
14:58:36 **** Build of configuration Nios II for project myCountBinary ****
make all 
Info: Building ../myCountBinary_bsp/
C:/altera/16.0/nios2eds/bin/gnu/H-x86_64-mingw32/bin/make --no-print-directory -C ../myCountBinary_bsp/
[BSP build complete]
[myCountBinary build complete]
14:58:37 **** Incremental Build of configuration Nios II for project myCountBinary ****
make all 
Info: Building ../myCountBinary_bsp/
C:/altera/16.0/nios2eds/bin/gnu/H-x86_64-mingw32/bin/make --no-print-directory -C ../myCountBinary_bsp/
[BSP build complete]
[myCountBinary build complete]
14:58:51 **** Build of configuration Nios II for project LightsandSwitches ****
make all 
Info: Building ../LightsandSwitches_bsp/
C:/altera/16.0/nios2eds/bin/gnu/H-x86_64-mingw32/bin/make --no-print-directory -C ../LightsandSwitches_bsp/
[BSP build complete]
[LightsandSwitches build complete]
14:58:52 **** Incremental Build of configuration Nios II for project LightsandSwitches ****
make all 
Info: Building ../LightsandSwitches_bsp/
C:/altera/16.0/nios2eds/bin/gnu/H-x86_64-mingw32/bin/make --no-print-directory -C ../LightsandSwitches_bsp/
[BSP build complete]
[LightsandSwitches build complete]
14:59:20 **** Build of configuration Nios II for project Lab5_test_app ****
make all 
Info: Building ../Lab5_test_app_bsp/
C:/altera/16.0/nios2eds/bin/gnu/H-x86_64-mingw32/bin/make --no-print-directory -C ../Lab5_test_app_bsp/
[BSP build complete]
[Lab5_test_app build complete]
14:59:21 **** Incremental Build of configuration Nios II for project Lab5_test_app ****
make all 
Info: Building ../Lab5_test_app_bsp/
C:/altera/16.0/nios2eds/bin/gnu/H-x86_64-mingw32/bin/make --no-print-directory -C ../Lab5_test_app_bsp/
[BSP build complete]
[Lab5_test_app build complete]
15:00:04 **** Build of configuration Nios II for project BluetoothChat ****
make all 
Info: Building ../BluetoothChat_bsp/
C:/altera/16.0/nios2eds/bin/gnu/H-x86_64-mingw32/bin/make --no-print-directory -C ../BluetoothChat_bsp/
[BSP build complete]
[BluetoothChat build complete]
15:00:05 **** Incremental Build of configuration Nios II for project BluetoothChat ****
make all 
Info: Building ../BluetoothChat_bsp/
C:/altera/16.0/nios2eds/bin/gnu/H-x86_64-mingw32/bin/make --no-print-directory -C ../BluetoothChat_bsp/
[BSP build complete]
[BluetoothChat build complete]
15:02:29 **** Build of configuration Nios II for project BluetoothChat ****
make all 
Info: Building ../BluetoothChat_bsp/
C:/altera/16.0/nios2eds/bin/gnu/H-x86_64-mingw32/bin/make --no-print-directory -C ../BluetoothChat_bsp/
[BSP build complete]
[BluetoothChat build complete]
15:02:30 **** Incremental Build of configuration Nios II for project BluetoothChat ****
make all 
Info: Building ../BluetoothChat_bsp/
C:/altera/16.0/nios2eds/bin/gnu/H-x86_64-mingw32/bin/make --no-print-directory -C ../BluetoothChat_bsp/
[BSP build complete]
[BluetoothChat build complete]
15:15:40 **** Build of configuration Nios II for project BluetoothChat ****
make all 
Info: Building ../BluetoothChat_bsp/
C:/altera/16.0/nios2eds/bin/gnu/H-x86_64-mingw32/bin/make --no-print-directory -C ../BluetoothChat_bsp/
[BSP build complete]
[BluetoothChat build complete]
15:15:41 **** Incremental Build of configuration Nios II for project BluetoothChat ****
make all 
Info: Building ../BluetoothChat_bsp/
C:/altera/16.0/nios2eds/bin/gnu/H-x86_64-mingw32/bin/make --no-print-directory -C ../BluetoothChat_bsp/
[BSP build complete]
[BluetoothChat build complete]
